<?xml version="1.0" encoding="UTF-8"?>
<!-- Generated by org.testng.reporters.JUnitXMLReporter -->
<testsuite ignored="0" hostname="rmn" failures="0" tests="6" name="Default test" time="12.349" errors="0" timestamp="2023-05-14T12:22:41 IST">
  <testcase classname="api.test.DataDrivenTest" name="testPostUser" time="3.38"/>
  <testcase classname="api.test.DataDrivenTest" name="testPostUser" time="1.473"/>
  <testcase classname="api.test.DataDrivenTest" name="testPostUser" time="1.453"/>
  <testcase classname="api.test.DataDrivenTest" name="testDeleteUserByName" time="1.635"/>
  <testcase classname="api.test.DataDrivenTest" name="testDeleteUserByName" time="1.435"/>
  <testcase classname="api.test.DataDrivenTest" name="testDeleteUserByName" time="1.231"/>
</testsuite> <!-- Default test -->
