<?xml version="1.0" encoding="UTF-8"?>
<!-- Generated by org.testng.reporters.JUnitXMLReporter -->
<testsuite ignored="0" hostname="rmn" failures="0" tests="4" name="Test" time="8.359" errors="0" timestamp="2023-05-14T17:18:04 IST">
  <testcase classname="api.test.UserTest2" name="testPostUser" time="3.053"/>
  <testcase classname="api.test.UserTest2" name="testGetUserByName" time="1.206"/>
  <testcase classname="api.test.UserTest2" name="testUpdateUserByName" time="2.464"/>
  <testcase classname="api.test.UserTest2" name="testDeleteUserByName" time="1.089"/>
</testsuite> <!-- Test -->
