<?xml version="1.0" encoding="UTF-8"?>
<!-- Generated by org.testng.reporters.JUnitXMLReporter -->
<testsuite ignored="0" hostname="rmn" failures="0" tests="4" name="Test" time="10.165" errors="0" timestamp="2023-05-14T22:50:52 IST">
  <testcase classname="api.test.UserTest2" name="testPostUser" time="3.138"/>
  <testcase classname="api.test.UserTest2" name="testGetUserByName" time="1.676"/>
  <testcase classname="api.test.UserTest2" name="testUpdateUserByName" time="3.37"/>
  <testcase classname="api.test.UserTest2" name="testDeleteUserByName" time="1.539"/>
</testsuite> <!-- Test -->
