<?xml version="1.0" encoding="UTF-8"?>
<testng-results ignored="0" total="4" passed="4" failed="0" skipped="0">
  <reporter-output>
  </reporter-output>
  <suite started-at="2023-05-14T22:50:41 IST" name="Suite" finished-at="2023-05-14T22:50:51 IST" duration-ms="10165">
    <groups>
    </groups>
    <test started-at="2023-05-14T22:50:41 IST" name="Test" finished-at="2023-05-14T22:50:51 IST" duration-ms="10165">
      <class name="api.test.UserTest2">
        <test-method is-config="true" signature="setupData()[pri:0, instance:api.test.UserTest2@15ff3e9e]" started-at="2023-05-14T22:50:41 IST" name="setupData" finished-at="2023-05-14T22:50:42 IST" duration-ms="197" status="PASS">
          <reporter-output>
          </reporter-output>
        </test-method> <!-- setupData -->
        <test-method signature="testPostUser()[pri:1, instance:api.test.UserTest2@15ff3e9e]" started-at="2023-05-14T22:50:42 IST" name="testPostUser" finished-at="2023-05-14T22:50:45 IST" duration-ms="3138" status="PASS">
          <reporter-output>
          </reporter-output>
        </test-method> <!-- testPostUser -->
        <test-method signature="testGetUserByName()[pri:2, instance:api.test.UserTest2@15ff3e9e]" started-at="2023-05-14T22:50:45 IST" name="testGetUserByName" finished-at="2023-05-14T22:50:46 IST" duration-ms="1676" status="PASS">
          <reporter-output>
          </reporter-output>
        </test-method> <!-- testGetUserByName -->
        <test-method signature="testUpdateUserByName()[pri:3, instance:api.test.UserTest2@15ff3e9e]" started-at="2023-05-14T22:50:46 IST" name="testUpdateUserByName" finished-at="2023-05-14T22:50:50 IST" duration-ms="3370" status="PASS">
          <reporter-output>
          </reporter-output>
        </test-method> <!-- testUpdateUserByName -->
        <test-method signature="testDeleteUserByName()[pri:4, instance:api.test.UserTest2@15ff3e9e]" started-at="2023-05-14T22:50:50 IST" name="testDeleteUserByName" finished-at="2023-05-14T22:50:51 IST" duration-ms="1539" status="PASS">
          <reporter-output>
          </reporter-output>
        </test-method> <!-- testDeleteUserByName -->
      </class> <!-- api.test.UserTest2 -->
    </test> <!-- Test -->
  </suite> <!-- Suite -->
</testng-results>
