<?xml version="1.0" encoding="UTF-8"?>
<testng-results ignored="0" total="4" passed="4" failed="0" skipped="0">
  <reporter-output>
  </reporter-output>
  <suite started-at="2023-05-14T17:17:55 IST" name="Suite" finished-at="2023-05-14T17:18:04 IST" duration-ms="8359">
    <groups>
    </groups>
    <test started-at="2023-05-14T17:17:55 IST" name="Test" finished-at="2023-05-14T17:18:04 IST" duration-ms="8359">
      <class name="api.test.UserTest2">
        <test-method is-config="true" signature="setupData()[pri:0, instance:api.test.UserTest2@7d8995e]" started-at="2023-05-14T17:17:56 IST" name="setupData" finished-at="2023-05-14T17:17:56 IST" duration-ms="208" status="PASS">
          <reporter-output>
          </reporter-output>
        </test-method> <!-- setupData -->
        <test-method signature="testPostUser()[pri:1, instance:api.test.UserTest2@7d8995e]" started-at="2023-05-14T17:17:56 IST" name="testPostUser" finished-at="2023-05-14T17:17:59 IST" duration-ms="3053" status="PASS">
          <reporter-output>
          </reporter-output>
        </test-method> <!-- testPostUser -->
        <test-method signature="testGetUserByName()[pri:2, instance:api.test.UserTest2@7d8995e]" started-at="2023-05-14T17:17:59 IST" name="testGetUserByName" finished-at="2023-05-14T17:18:00 IST" duration-ms="1206" status="PASS">
          <reporter-output>
          </reporter-output>
        </test-method> <!-- testGetUserByName -->
        <test-method signature="testUpdateUserByName()[pri:3, instance:api.test.UserTest2@7d8995e]" started-at="2023-05-14T17:18:00 IST" name="testUpdateUserByName" finished-at="2023-05-14T17:18:03 IST" duration-ms="2464" status="PASS">
          <reporter-output>
          </reporter-output>
        </test-method> <!-- testUpdateUserByName -->
        <test-method signature="testDeleteUserByName()[pri:4, instance:api.test.UserTest2@7d8995e]" started-at="2023-05-14T17:18:03 IST" name="testDeleteUserByName" finished-at="2023-05-14T17:18:04 IST" duration-ms="1089" status="PASS">
          <reporter-output>
          </reporter-output>
        </test-method> <!-- testDeleteUserByName -->
      </class> <!-- api.test.UserTest2 -->
    </test> <!-- Test -->
  </suite> <!-- Suite -->
</testng-results>
